Start testing: Apr 21 20:38 UTC
----------------------------------------------------------
1/4 Testing: test1
1/4 Test: test1
Command: "/workspaces/ex1-sort-JaoVitorGomes/build/tests/test1"
Directory: /workspaces/ex1-sort-JaoVitorGomes/build
"test1" start time: Apr 21 20:38 UTC
Output:
----------------------------------------------------------
Success: Ordenacao dos valores realizada com sucesso
<end of output>
Test time =   0.00 sec
----------------------------------------------------------
Test Passed.
"test1" end time: Apr 21 20:38 UTC
"test1" time elapsed: 00:00:00
----------------------------------------------------------

2/4 Testing: test2
2/4 Test: test2
Command: "/workspaces/ex1-sort-JaoVitorGomes/build/tests/test2"
Directory: /workspaces/ex1-sort-JaoVitorGomes/build
"test2" start time: Apr 21 20:38 UTC
Output:
----------------------------------------------------------
Success: Ordenacao dos valores realizada com sucesso
<end of output>
Test time =   0.00 sec
----------------------------------------------------------
Test Passed.
"test2" end time: Apr 21 20:38 UTC
"test2" time elapsed: 00:00:00
----------------------------------------------------------

3/4 Testing: test3
3/4 Test: test3
Command: "/workspaces/ex1-sort-JaoVitorGomes/build/tests/test3"
Directory: /workspaces/ex1-sort-JaoVitorGomes/build
"test3" start time: Apr 21 20:38 UTC
Output:
----------------------------------------------------------
Success: Ordenacao dos valores realizada com sucesso
<end of output>
Test time =   0.00 sec
----------------------------------------------------------
Test Passed.
"test3" end time: Apr 21 20:38 UTC
"test3" time elapsed: 00:00:00
----------------------------------------------------------

4/4 Testing: test4
4/4 Test: test4
Command: "/workspaces/ex1-sort-JaoVitorGomes/build/tests/test4"
Directory: /workspaces/ex1-sort-JaoVitorGomes/build
"test4" start time: Apr 21 20:38 UTC
Output:
----------------------------------------------------------
valor de k: 1
valor de k: 2
valor de k: 3
valor de k: 4
valor de k: 5
valor de k: 6
valor de k: 7
valor de k: 8
valor de k: 9
valor de k: 10
Success: Ordenacao dos valores realizada com sucesso
<end of output>
Test time =   0.00 sec
----------------------------------------------------------
Test Passed.
"test4" end time: Apr 21 20:38 UTC
"test4" time elapsed: 00:00:00
----------------------------------------------------------

End testing: Apr 21 20:38 UTC
